Vivado Simulator 2018.3
Copyright 1986-1999, 2001-2018 Xilinx, Inc. All Rights Reserved.
Running: D:/Xilinx/Vivado/2018.3/bin/unwrapped/win64.o/xelab.exe -wto 356fedc3e4a64a3f8eb00039806da82b --incr --debug typical --relax --mt 2 -L xil_defaultlib -L secureip --snapshot top_block_tb_func_synth xil_defaultlib.top_block_tb -log elaborate.log 
Using 2 slave threads.
Starting static elaboration
Completed static elaboration
Starting simulation data flow analysis
Completed simulation data flow analysis
Time Resolution for simulation is 1ps
Compiling package std.standard
Compiling package std.textio
Compiling package ieee.std_logic_1164
Compiling package ieee.numeric_std
Compiling package unisim.vcomponents
Compiling package ieee.vital_timing
Compiling package ieee.vital_primitives
Compiling package unisim.vpkg
Compiling architecture lut6_v of entity unisim.LUT6 [\LUT6(init="00010000000100000001...]
Compiling architecture lut5_v of entity unisim.LUT5 [\LUT5(init="00000000000000011111...]
Compiling architecture lut4_v of entity unisim.LUT4 [\LUT4(init="0000000111111110")(0...]
Compiling architecture lut5_v of entity unisim.LUT5 [\LUT5(init="00000000101010011000...]
Compiling architecture lut4_v of entity unisim.LUT4 [\LUT4(init="0001000100010111")(0...]
Compiling architecture lut6_v of entity unisim.LUT6 [\LUT6(init="00000000000000000000...]
Compiling architecture lut5_v of entity unisim.LUT5 [\LUT5(init="10000001010000100010...]
Compiling architecture lut4_v of entity unisim.LUT4 [\LUT4(init="0000011001100000")(0...]
Compiling architecture lut5_v of entity unisim.LUT5 [\LUT5(init="11111111111111111111...]
Compiling architecture ldce_v of entity unisim.LDCE [ldce_default]
Compiling architecture fdce_v of entity unisim.FDCE [fdce_default]
Compiling architecture lut2_v of entity unisim.LUT2 [\LUT2(init="0110")(0,3)\]
Compiling architecture lut3_v of entity unisim.LUT3 [\LUT3(init="10010110")(0,7)\]
Compiling architecture lut2_v of entity unisim.LUT2 [\LUT2(init="1001")(0,3)\]
Compiling architecture lut1_v of entity unisim.LUT1 [\LUT1(init="0001")(0,3)\]
Compiling architecture carry4_v of entity unisim.CARRY4 [carry4_default]
Compiling architecture lut3_v of entity unisim.LUT3 [\LUT3(init="10101100")(0,7)\]
Compiling architecture lut6_v of entity unisim.LUT6 [\LUT6(init="01010101010101010101...]
Compiling architecture lut6_v of entity unisim.LUT6 [\LUT6(init="00000000000000001111...]
Compiling architecture lut6_v of entity unisim.LUT6 [\LUT6(init="11111111111111111111...]
Compiling architecture lut5_v of entity unisim.LUT5 [\LUT5(init="11111111111010111110...]
Compiling architecture lut3_v of entity unisim.LUT3 [\LUT3(init="01101001")(0,7)\]
Compiling architecture lut6_v of entity unisim.LUT6 [\LUT6(init="01110111011110111011...]
Compiling architecture lut6_v of entity unisim.LUT6 [\LUT6(init="01111011011110110111...]
Compiling architecture lut6_v of entity unisim.LUT6 [\LUT6(init="00000000000000000000...]
Compiling architecture lut4_v of entity unisim.LUT4 [\LUT4(init="1111110100001101")(0...]
Compiling architecture structure of entity xil_defaultlib.ASCII_decoder [ascii_decoder_default]
Compiling architecture lut3_v of entity unisim.LUT3 [\LUT3(init="01111000")(0,7)\]
Compiling architecture lut4_v of entity unisim.LUT4 [\LUT4(init="0111111110000000")(0...]
Compiling architecture lut5_v of entity unisim.LUT5 [\LUT5(init="01111111111111111000...]
Compiling architecture lut6_v of entity unisim.LUT6 [\LUT6(init="01111111111111111111...]
Compiling architecture lut6_v of entity unisim.LUT6 [\LUT6(init="10000000000000000000...]
Compiling architecture structure of entity xil_defaultlib.addr_cntr [addr_cntr_default]
Compiling architecture lut4_v of entity unisim.LUT4 [\LUT4(init="0000000000111010")(0...]
Compiling architecture lut2_v of entity unisim.LUT2 [\LUT2(init="0010")(0,3)\]
Compiling architecture structure of entity xil_defaultlib.approve_ASCII [approve_ascii_default]
Compiling architecture lut4_v of entity unisim.LUT4 [\LUT4(init="1000000000000000")(0...]
Compiling architecture structure of entity xil_defaultlib.clk_divider [clk_divider_default]
Compiling architecture lut3_v of entity unisim.LUT3 [\LUT3(init="10000000")(0,7)\]
Compiling architecture lut6_v of entity unisim.LUT6 [\LUT6(init="11111111111111111111...]
Compiling architecture lut4_v of entity unisim.LUT4 [\LUT4(init="1111111101111111")(0...]
Compiling architecture lut4_v of entity unisim.LUT4 [\LUT4(init="1101111111111111")(0...]
Compiling architecture lut4_v of entity unisim.LUT4 [\LUT4(init="1111111111111101")(0...]
Compiling architecture lut4_v of entity unisim.LUT4 [\LUT4(init="1110111111111111")(0...]
Compiling architecture lut4_v of entity unisim.LUT4 [\LUT4(init="0111111111111111")(0...]
Compiling architecture lut6_v of entity unisim.LUT6 [\LUT6(init="10111111111111111111...]
Compiling architecture structure of entity xil_defaultlib.duration_cntr [duration_cntr_default]
Compiling architecture lut6_v of entity unisim.LUT6 [\LUT6(init="11111111111111111111...]
Compiling architecture lut3_v of entity unisim.LUT3 [\LUT3(init="11111110")(0,7)\]
Compiling architecture lut5_v of entity unisim.LUT5 [\LUT5(init="11111111111111111011...]
Compiling architecture lut5_v of entity unisim.LUT5 [\LUT5(init="11111110111110101111...]
Compiling architecture lut5_v of entity unisim.LUT5 [\LUT5(init="11101111101010101010...]
Compiling architecture lut5_v of entity unisim.LUT5 [\LUT5(init="11111111110111011101...]
Compiling architecture lut5_v of entity unisim.LUT5 [\LUT5(init="00000000000011100000...]
Compiling architecture lut5_v of entity unisim.LUT5 [\LUT5(init="00000000000000000000...]
Compiling architecture lut5_v of entity unisim.LUT5 [\LUT5(init="00000000000101010001...]
Compiling architecture lut5_v of entity unisim.LUT5 [\LUT5(init="00000000000000000100...]
Compiling architecture lut5_v of entity unisim.LUT5 [\LUT5(init="11111111111111111001...]
Compiling architecture lut5_v of entity unisim.LUT5 [\LUT5(init="11101110111011101110...]
Compiling architecture lut2_v of entity unisim.LUT2 [\LUT2(init="1000")(0,3)\]
Compiling architecture lut4_v of entity unisim.LUT4 [\LUT4(init="1111111011111111")(0...]
Compiling architecture ram256x1s_v of entity unisim.RAM256X1S [\RAM256X1S(init="111111111111111...]
Compiling architecture structure of entity xil_defaultlib.ram_async [ram_async_default]
Compiling architecture lut5_v of entity unisim.LUT5 [\LUT5(init="11001100110011001100...]
Compiling architecture lut6_v of entity unisim.LUT6 [\LUT6(init="00000000000000000000...]
Compiling architecture lut4_v of entity unisim.LUT4 [\LUT4(init="1111111111101111")(0...]
Compiling architecture lut3_v of entity unisim.LUT3 [\LUT3(init="00101000")(0,7)\]
Compiling architecture lut4_v of entity unisim.LUT4 [\LUT4(init="0010100010001000")(0...]
Compiling architecture lut5_v of entity unisim.LUT5 [\LUT5(init="00101000100010001000...]
Compiling architecture lut6_v of entity unisim.LUT6 [\LUT6(init="00101000100010001000...]
Compiling architecture lut6_v of entity unisim.LUT6 [\LUT6(init="10001000100010001000...]
Compiling architecture lut6_v of entity unisim.LUT6 [\LUT6(init="10000010100010001000...]
Compiling architecture lut2_v of entity unisim.LUT2 [\LUT2(init="0111")(0,3)\]
Compiling architecture lut3_v of entity unisim.LUT3 [\LUT3(init="01111111")(0,7)\]
Compiling architecture lut5_v of entity unisim.LUT5 [\LUT5(init="11111111111111111111...]
Compiling architecture lut5_v of entity unisim.LUT5 [\LUT5(init="11101111111111111111...]
Compiling architecture structure of entity xil_defaultlib.mod_m_counter [mod_m_counter_default]
Compiling architecture lut5_v of entity unisim.LUT5 [\LUT5(init="10101010101010101110...]
Compiling architecture lut6_v of entity unisim.LUT6 [\LUT6(init="00000000000000000000...]
Compiling architecture lut6_v of entity unisim.LUT6 [\LUT6(init="00000000000000100000...]
Compiling architecture lut6_v of entity unisim.LUT6 [\LUT6(init="00000000000000001111...]
Compiling architecture lut6_v of entity unisim.LUT6 [\LUT6(init="00011010000110100001...]
Compiling architecture lut4_v of entity unisim.LUT4 [\LUT4(init="1110101010101010")(0...]
Compiling architecture lut6_v of entity unisim.LUT6 [\LUT6(init="00000000000000000000...]
Compiling architecture lut4_v of entity unisim.LUT4 [\LUT4(init="0000000000000100")(0...]
Compiling architecture lut3_v of entity unisim.LUT3 [\LUT3(init="00111000")(0,7)\]
Compiling architecture lut4_v of entity unisim.LUT4 [\LUT4(init="0010111110000000")(0...]
Compiling architecture lut5_v of entity unisim.LUT5 [\LUT5(init="00101010111111111000...]
Compiling architecture lut6_v of entity unisim.LUT6 [\LUT6(init="00000000000000000000...]
Compiling architecture lut6_v of entity unisim.LUT6 [\LUT6(init="00000100000000000000...]
Compiling architecture lut4_v of entity unisim.LUT4 [\LUT4(init="0000010000000000")(0...]
Compiling architecture lut4_v of entity unisim.LUT4 [\LUT4(init="0101011101010100")(0...]
Compiling architecture lut6_v of entity unisim.LUT6 [\LUT6(init="01100000011000000110...]
Compiling architecture lut6_v of entity unisim.LUT6 [\LUT6(init="10101110111011101110...]
Compiling architecture lut6_v of entity unisim.LUT6 [\LUT6(init="01111000011110000111...]
Compiling architecture lut5_v of entity unisim.LUT5 [\LUT5(init="01010001010100010100...]
Compiling architecture lut5_v of entity unisim.LUT5 [\LUT5(init="10011001100011111001...]
Compiling architecture structure of entity xil_defaultlib.uart_rx [uart_rx_default]
Compiling architecture structure of entity xil_defaultlib.uart [uart_default]
Compiling architecture bufg_v of entity unisim.BUFG [bufg_default]
Compiling architecture ibuf_v of entity unisim.IBUF [\IBUF(1,9)(1,1)(1,4)(1,7)\]
Compiling architecture obuf_v of entity unisim.OBUF [\OBUF(1,9)(1,7)(1,4)\]
Compiling architecture lut3_v of entity unisim.LUT3 [\LUT3(init="11100010")(0,7)\]
Compiling architecture lut2_v of entity unisim.LUT2 [\LUT2(init="1011")(0,3)\]
Compiling architecture fdre_v of entity unisim.FDRE [fdre_default]
Compiling architecture lut3_v of entity unisim.LUT3 [\LUT3(init="11111000")(0,7)\]
Compiling architecture lut2_v of entity unisim.LUT2 [\LUT2(init="0001")(0,3)\]
Compiling architecture structure of entity xil_defaultlib.top_block [top_block_default]
Compiling architecture behavioral of entity xil_defaultlib.top_block_tb
Built simulation snapshot top_block_tb_func_synth
